# JRE version: Java(TM) SE Runtime Environment (8.0_131-b11) (build 1.8.0_131-b11)
# Java VM: Java HotSpot(TM) 64-Bit Server VM (25.131-b11 mixed mode windows-amd64 compressed oops)
Heap:
 PSYoungGen      total 188416K, used 17895K [0x0000000780700000, 0x000000078d580000, 0x00000007c0000000)
  eden space 170496K, 0% used [0x0000000780700000,0x0000000780700000,0x000000078ad80000)
  from space 17920K, 99% used [0x000000078c400000,0x000000078d579f00,0x000000078d580000)
  to   space 20480K, 0% used [0x000000078ad80000,0x000000078ad80000,0x000000078c180000)
 ParOldGen       total 141824K, used 25946K [0x0000000701400000, 0x0000000709e80000, 0x0000000780700000)
  object space 141824K, 18% used [0x0000000701400000,0x0000000702d56818,0x0000000709e80000)
 Metaspace       used 58414K, capacity 58938K, committed 59160K, reserved 1101824K
  class space    used 7094K, capacity 7220K, committed 7296K, reserved 1048576K
GC Heap History (10 events):
Event: 9.426 GC heap after
Heap after GC invocations=8 (full 1):
 PSYoungGen      total 116224K, used 13284K [0x0000000780700000, 0x000000078b800000, 0x00000007c0000000)
  eden space 102912K, 0% used [0x0000000780700000,0x0000000780700000,0x0000000786b80000)
  from space 13312K, 99% used [0x0000000786b80000,0x0000000787879388,0x0000000787880000)
  to   space 17408K, 0% used [0x000000078a700000,0x000000078a700000,0x000000078b800000)
 ParOldGen       total 82432K, used 13076K [0x0000000701400000, 0x0000000706480000, 0x0000000780700000)
  object space 82432K, 15% used [0x0000000701400000,0x00000007020c52e8,0x0000000706480000)
 Metaspace       used 34985K, capacity 35316K, committed 35496K, reserved 1081344K
  class space    used 4215K, capacity 4301K, committed 4352K, reserved 1048576K
}
Event: 9.426 GC heap before
{Heap before GC invocations=9 (full 2):
 PSYoungGen      total 116224K, used 13284K [0x0000000780700000, 0x000000078b800000, 0x00000007c0000000)
  eden space 102912K, 0% used [0x0000000780700000,0x0000000780700000,0x0000000786b80000)
  from space 13312K, 99% used [0x0000000786b80000,0x0000000787879388,0x0000000787880000)
  to   space 17408K, 0% used [0x000000078a700000,0x000000078a700000,0x000000078b800000)
 ParOldGen       total 82432K, used 13076K [0x0000000701400000, 0x0000000706480000, 0x0000000780700000)
  object space 82432K, 15% used [0x0000000701400000,0x00000007020c52e8,0x0000000706480000)
 Metaspace       used 34985K, capacity 35316K, committed 35496K, reserved 1081344K
  class space    used 4215K, capacity 4301K, committed 4352K, reserved 1048576K
Event: 9.559 GC heap after
Heap after GC invocations=9 (full 2):
 PSYoungGen      total 116224K, used 0K [0x0000000780700000, 0x000000078b800000, 0x00000007c0000000)
  eden space 102912K, 0% used [0x0000000780700000,0x0000000780700000,0x0000000786b80000)
  from space 13312K, 0% used [0x0000000786b80000,0x0000000786b80000,0x0000000787880000)
  to   space 17408K, 0% used [0x000000078a700000,0x000000078a700000,0x000000078b800000)
 ParOldGen       total 141824K, used 23790K [0x0000000701400000, 0x0000000709e80000, 0x0000000780700000)
  object space 141824K, 16% used [0x0000000701400000,0x0000000702b3bbc0,0x0000000709e80000)
 Metaspace       used 34985K, capacity 35316K, committed 35496K, reserved 1081344K
  class space    used 4215K, capacity 4301K, committed 4352K, reserved 1048576K
}
Event: 11.738 GC heap before
{Heap before GC invocations=10 (full 2):
 PSYoungGen      total 116224K, used 102912K [0x0000000780700000, 0x000000078b800000, 0x00000007c0000000)
  eden space 102912K, 100% used [0x0000000780700000,0x0000000786b80000,0x0000000786b80000)
  from space 13312K, 0% used [0x0000000786b80000,0x0000000786b80000,0x0000000787880000)
  to   space 17408K, 0% used [0x000000078a700000,0x000000078a700000,0x000000078b800000)
 ParOldGen       total 141824K, used 23790K [0x0000000701400000, 0x0000000709e80000, 0x0000000780700000)
  object space 141824K, 16% used [0x0000000701400000,0x0000000702b3bbc0,0x0000000709e80000)
 Metaspace       used 43246K, capacity 43616K, committed 43776K, reserved 1087488K
  class space    used 5494K, capacity 5615K, committed 5632K, reserved 1048576K
Event: 11.751 GC heap after
Heap after GC invocations=10 (full 2):
 PSYoungGen      total 154624K, used 9733K [0x0000000780700000, 0x000000078b280000, 0x00000007c0000000)
  eden space 142848K, 0% used [0x0000000780700000,0x0000000780700000,0x0000000789280000)
  from space 11776K, 82% used [0x000000078a700000,0x000000078b0814b8,0x000000078b280000)
  to   space 16384K, 0% used [0x0000000789280000,0x0000000789280000,0x000000078a280000)
 ParOldGen       total 141824K, used 23790K [0x0000000701400000, 0x0000000709e80000, 0x0000000780700000)
  object space 141824K, 16% used [0x0000000701400000,0x0000000702b3bbc0,0x0000000709e80000)
 Metaspace       used 43246K, capacity 43616K, committed 43776K, reserved 1087488K
  class space    used 5494K, capacity 5615K, committed 5632K, reserved 1048576K
}
Event: 15.158 GC heap before
{Heap before GC invocations=11 (full 2):
 PSYoungGen      total 154624K, used 152581K [0x0000000780700000, 0x000000078b280000, 0x00000007c0000000)
  eden space 142848K, 100% used [0x0000000780700000,0x0000000789280000,0x0000000789280000)
  from space 11776K, 82% used [0x000000078a700000,0x000000078b0814b8,0x000000078b280000)
  to   space 16384K, 0% used [0x0000000789280000,0x0000000789280000,0x000000078a280000)
 ParOldGen       total 141824K, used 23790K [0x0000000701400000, 0x0000000709e80000, 0x0000000780700000)
  object space 141824K, 16% used [0x0000000701400000,0x0000000702b3bbc0,0x0000000709e80000)
 Metaspace       used 48433K, capacity 48930K, committed 49152K, reserved 1091584K
  class space    used 6167K, capacity 6298K, committed 6400K, reserved 1048576K
Event: 15.200 GC heap after
Heap after GC invocations=11 (full 2):
 PSYoungGen      total 159232K, used 14095K [0x0000000780700000, 0x000000078d580000, 0x00000007c0000000)
  eden space 142848K, 0% used [0x0000000780700000,0x0000000780700000,0x0000000789280000)
  from space 16384K, 86% used [0x0000000789280000,0x000000078a043ec0,0x000000078a280000)
  to   space 17920K, 0% used [0x000000078c400000,0x000000078c400000,0x000000078d580000)
 ParOldGen       total 141824K, used 23798K [0x0000000701400000, 0x0000000709e80000, 0x0000000780700000)
  object space 141824K, 16% used [0x0000000701400000,0x0000000702b3dbc0,0x0000000709e80000)
 Metaspace       used 48433K, capacity 48930K, committed 49152K, reserved 1091584K
  class space    used 6167K, capacity 6298K, committed 6400K, reserved 1048576K
}
Event: 70.971 GC heap before
{Heap before GC invocations=12 (full 2):
 PSYoungGen      total 159232K, used 133084K [0x0000000780700000, 0x000000078d580000, 0x00000007c0000000)
  eden space 142848K, 83% used [0x0000000780700000,0x0000000787b33210,0x0000000789280000)
  from space 16384K, 86% used [0x0000000789280000,0x000000078a043ec0,0x000000078a280000)
  to   space 17920K, 0% used [0x000000078c400000,0x000000078c400000,0x000000078d580000)
 ParOldGen       total 141824K, used 23798K [0x0000000701400000, 0x0000000709e80000, 0x0000000780700000)
  object space 141824K, 16% used [0x0000000701400000,0x0000000702b3dbc0,0x0000000709e80000)
 Metaspace       used 58414K, capacity 58938K, committed 59160K, reserved 1101824K
  class space    used 7094K, capacity 7220K, committed 7296K, reserved 1048576K
Event: 71.002 GC heap after
Heap after GC invocations=12 (full 2):
 PSYoungGen      total 188416K, used 17895K [0x0000000780700000, 0x000000078d580000, 0x00000007c0000000)
  eden space 170496K, 0% used [0x0000000780700000,0x0000000780700000,0x000000078ad80000)
  from space 17920K, 99% used [0x000000078c400000,0x000000078d579f00,0x000000078d580000)
  to   space 20480K, 0% used [0x000000078ad80000,0x000000078ad80000,0x000000078c180000)
 ParOldGen       total 141824K, used 25946K [0x0000000701400000, 0x0000000709e80000, 0x0000000780700000)
  object space 141824K, 18% used [0x0000000701400000,0x0000000702d56818,0x0000000709e80000)
 Metaspace       used 58414K, capacity 58938K, committed 59160K, reserved 1101824K
  class space    used 7094K, capacity 7220K, committed 7296K, reserved 1048576K
}
Event: 71.002 GC heap before
{Heap before GC invocations=13 (full 3):
 PSYoungGen      total 188416K, used 17895K [0x0000000780700000, 0x000000078d580000, 0x00000007c0000000)
  eden space 170496K, 0% used [0x0000000780700000,0x0000000780700000,0x000000078ad80000)
  from space 17920K, 99% used [0x000000078c400000,0x000000078d579f00,0x000000078d580000)
  to   space 20480K, 0% used [0x000000078ad80000,0x000000078ad80000,0x000000078c180000)
 ParOldGen       total 141824K, used 25946K [0x0000000701400000, 0x0000000709e80000, 0x0000000780700000)
  object space 141824K, 18% used [0x0000000701400000,0x0000000702d56818,0x0000000709e80000)
 Metaspace       used 58414K, capacity 58938K, committed 59160K, reserved 1101824K
  class space    used 7094K, capacity 7220K, committed 7296K, reserved 1048576K

